<?xml version="1.0" encoding="UTF-8"?>
<!-- Generated by org.testng.reporters.JUnitReportReporter -->
<testsuite skipped="0" hostname="apples-MacBook-Pro.local" name="com.crm.qa.testCases.LoginPageTest" tests="1" failures="0" timestamp="11 Apr 2020 19:18:11 GMT" time="9.596" errors="0">
  <testcase name="verifyLoginTest" time="9.596" classname="com.crm.qa.testCases.LoginPageTest"/>
</testsuite> <!-- com.crm.qa.testCases.LoginPageTest -->
