<?xml version="1.0" encoding="UTF-8"?>
<!-- Generated by org.testng.reporters.JUnitReportReporter -->
<testsuite skipped="0" hostname="apples-MacBook-Pro.local" name="com.crm.qa.testCases.LoginPageTest" tests="1" failures="0" timestamp="15 Apr 2020 05:54:07 GMT" time="7.688" errors="0">
  <testcase name="verifyLoginTest" time="7.688" classname="com.crm.qa.testCases.LoginPageTest"/>
</testsuite> <!-- com.crm.qa.testCases.LoginPageTest -->
