<?xml version="1.0" encoding="UTF-8"?>
<!-- Generated by org.testng.reporters.JUnitReportReporter -->
<testsuite skipped="0" hostname="apples-MacBook-Pro.local" name="com.crm.qa.testCases.LoginTestPage" tests="1" failures="0" timestamp="11 Apr 2020 18:06:55 GMT" time="10.592" errors="0">
  <testcase name="verifyLoginTest" time="10.592" classname="com.crm.qa.testCases.LoginTestPage"/>
</testsuite> <!-- com.crm.qa.testCases.LoginTestPage -->
