<?xml version="1.0" encoding="UTF-8"?>
<!-- Generated by org.testng.reporters.JUnitReportReporter -->
<testsuite skipped="0" hostname="apples-MacBook-Pro.local" name="com.crm.qa.testCases.HomePageTest" tests="3" failures="0" timestamp="11 Apr 2020 19:29:13 GMT" time="35.007" errors="0">
  <testcase name="verifyUserNameLable" time="14.395" classname="com.crm.qa.testCases.HomePageTest"/>
  <testcase name="verifyClickContactsLink" time="10.292" classname="com.crm.qa.testCases.HomePageTest"/>
  <testcase name="verifyContacts" time="10.320" classname="com.crm.qa.testCases.HomePageTest"/>
</testsuite> <!-- com.crm.qa.testCases.HomePageTest -->
