<?xml version="1.0" encoding="UTF-8"?>
<!-- Generated by org.testng.reporters.JUnitReportReporter -->
<testsuite skipped="0" hostname="apples-MacBook-Pro.local" name="com.crm.qa.testCases.HomePageTest" tests="3" failures="0" timestamp="15 Apr 2020 05:54:07 GMT" time="24.868" errors="0">
  <testcase name="verifyUserNameLable" time="8.342" classname="com.crm.qa.testCases.HomePageTest"/>
  <testcase name="verifyClickContactsLink" time="7.118" classname="com.crm.qa.testCases.HomePageTest"/>
  <testcase name="verifyContacts" time="9.408" classname="com.crm.qa.testCases.HomePageTest"/>
</testsuite> <!-- com.crm.qa.testCases.HomePageTest -->
