<?xml version="1.0" encoding="UTF-8"?>
<!-- Generated by org.testng.reporters.JUnitReportReporter -->
<testsuite skipped="0" hostname="apples-MacBook-Pro.local" name="com.crm.qa.testCases.LoginTest" tests="1" failures="0" timestamp="08 Apr 2020 07:15:55 GMT" time="28.024" errors="0">
  <testcase name="login" time="28.024" classname="com.crm.qa.testCases.LoginTest"/>
</testsuite> <!-- com.crm.qa.testCases.LoginTest -->
